c:\users\dnfki\source\repos\ezdump\ezdump\x64\release\vc143.pdb
c:\users\dnfki\source\repos\ezdump\ezdump\x64\release\trampoline.obj
c:\users\dnfki\source\repos\ezdump\ezdump\x64\release\hook.obj
c:\users\dnfki\source\repos\ezdump\ezdump\x64\release\hde64.obj
c:\users\dnfki\source\repos\ezdump\ezdump\x64\release\hde32.obj
c:\users\dnfki\source\repos\ezdump\ezdump\x64\release\buffer.obj
c:\users\dnfki\source\repos\ezdump\ezdump\x64\release\dllmain.obj
c:\users\dnfki\source\repos\ezdump\x64\release\ezdump.dll
c:\users\dnfki\source\repos\ezdump\x64\release\ezdump.pdb
c:\users\dnfki\source\repos\ezdump\ezdump\x64\release\minhook.res
c:\users\dnfki\source\repos\ezdump\ezdump\x64\release\ezdump.ipdb
c:\users\dnfki\source\repos\ezdump\ezdump\x64\release\ezdump.iobj
c:\users\dnfki\source\repos\ezdump\ezdump\x64\release\ezdump.tlog\cl.command.1.tlog
c:\users\dnfki\source\repos\ezdump\ezdump\x64\release\ezdump.tlog\cl.items.tlog
c:\users\dnfki\source\repos\ezdump\ezdump\x64\release\ezdump.tlog\cl.read.1.tlog
c:\users\dnfki\source\repos\ezdump\ezdump\x64\release\ezdump.tlog\cl.write.1.tlog
c:\users\dnfki\source\repos\ezdump\ezdump\x64\release\ezdump.tlog\link.command.1.tlog
c:\users\dnfki\source\repos\ezdump\ezdump\x64\release\ezdump.tlog\link.read.1.tlog
c:\users\dnfki\source\repos\ezdump\ezdump\x64\release\ezdump.tlog\link.secondary.1.tlog
c:\users\dnfki\source\repos\ezdump\ezdump\x64\release\ezdump.tlog\link.write.1.tlog
c:\users\dnfki\source\repos\ezdump\ezdump\x64\release\ezdump.tlog\rc.command.1.tlog
c:\users\dnfki\source\repos\ezdump\ezdump\x64\release\ezdump.tlog\rc.read.1.tlog
c:\users\dnfki\source\repos\ezdump\ezdump\x64\release\ezdump.tlog\rc.write.1.tlog
